<?xml version="1.0" encoding="UTF-8"?>
<!-- Generated by org.testng.reporters.JUnitReportReporter -->
<testsuite hostname="DESKTOP-1RLTEAV" failures="0" tests="9" name="testRunner.AdminLogin" time="58.548" errors="0" timestamp="04 Apr 2025 03:32:32 GMT" skipped="0">
  <testcase classname="testRunner.AdminLogin" name="runScenario" time="6.707"/>
  <testcase classname="testRunner.AdminLogin" name="runScenario" time="5.936"/>
  <testcase classname="testRunner.AdminLogin" name="runScenario" time="4.985"/>
  <testcase classname="testRunner.AdminLogin" name="runScenario" time="7.778"/>
  <testcase classname="testRunner.AdminLogin" name="runScenario" time="7.054"/>
  <testcase classname="testRunner.AdminLogin" name="runScenario" time="6.488"/>
  <testcase classname="testRunner.AdminLogin" name="runScenario" time="8.932"/>
  <testcase classname="testRunner.AdminLogin" name="runScenario" time="5.204"/>
  <testcase classname="testRunner.AdminLogin" name="runScenario" time="5.464"/>
</testsuite> <!-- testRunner.AdminLogin -->
