<?xml version="1.0" encoding="UTF-8"?>
<!-- Generated by org.testng.reporters.JUnitReportReporter -->
<testsuite hostname="DESKTOP-1RLTEAV" failures="0" tests="7" name="testRunner.AddNewEmployee" time="95.774" errors="0" timestamp="04 Apr 2025 03:32:32 GMT" skipped="0">
  <testcase classname="testRunner.AddNewEmployee" name="runScenario" time="14.050"/>
  <testcase classname="testRunner.AddNewEmployee" name="runScenario" time="14.014"/>
  <testcase classname="testRunner.AddNewEmployee" name="runScenario" time="13.239"/>
  <testcase classname="testRunner.AddNewEmployee" name="runScenario" time="12.569"/>
  <testcase classname="testRunner.AddNewEmployee" name="runScenario" time="13.575"/>
  <testcase classname="testRunner.AddNewEmployee" name="runScenario" time="14.442"/>
  <testcase classname="testRunner.AddNewEmployee" name="runScenario" time="13.885"/>
</testsuite> <!-- testRunner.AddNewEmployee -->
